2026-06-15T06:12:55.488+02:00  INFO 26848 --- [esiusuarios] [main] u.e.d.e.EsiusuariosApplication           : Starting EsiusuariosApplication using Java 21 with PID 26848 (C:\Users\eduga\Universidad\diseño\GP08-Esiusuarios\esiusuarios\build\classes\java\main started by eduga in C:\Users\eduga\Universidad\diseño\GP08-Esiusuarios\esiusuarios)
2026-06-15T06:12:55.498+02:00  INFO 26848 --- [esiusuarios] [main] u.e.d.e.EsiusuariosApplication           : No active profile set, falling back to 1 default profile: "default"
2026-06-15T06:12:56.345+02:00  INFO 26848 --- [esiusuarios] [main] .s.d.r.c.RepositoryConfigurationDelegate : Bootstrapping Spring Data JPA repositories in DEFAULT mode.
2026-06-15T06:12:56.415+02:00  INFO 26848 --- [esiusuarios] [main] .s.d.r.c.RepositoryConfigurationDelegate : Finished Spring Data repository scanning in 55 ms. Found 3 JPA repository interfaces.
2026-06-15T06:12:57.288+02:00  INFO 26848 --- [esiusuarios] [main] o.s.b.w.embedded.tomcat.TomcatWebServer  : Tomcat initialized with port 8081 (http)
2026-06-15T06:12:57.317+02:00  INFO 26848 --- [esiusuarios] [main] o.apache.catalina.core.StandardService   : Starting service [Tomcat]
2026-06-15T06:12:57.317+02:00  INFO 26848 --- [esiusuarios] [main] o.apache.catalina.core.StandardEngine    : Starting Servlet engine: [Apache Tomcat/10.1.52]
2026-06-15T06:12:57.401+02:00  INFO 26848 --- [esiusuarios] [main] o.a.c.c.C.[Tomcat].[localhost].[/]       : Initializing Spring embedded WebApplicationContext
2026-06-15T06:12:57.401+02:00  INFO 26848 --- [esiusuarios] [main] w.s.c.ServletWebServerApplicationContext : Root WebApplicationContext: initialization completed in 1837 ms
2026-06-15T06:12:57.819+02:00  INFO 26848 --- [esiusuarios] [main] o.hibernate.jpa.internal.util.LogHelper  : HHH000204: Processing PersistenceUnitInfo [name: default]
2026-06-15T06:12:57.866+02:00  INFO 26848 --- [esiusuarios] [main] org.hibernate.Version                    : HHH000412: Hibernate ORM core version 6.6.42.Final
2026-06-15T06:12:57.894+02:00  INFO 26848 --- [esiusuarios] [main] o.h.c.internal.RegionFactoryInitiator    : HHH000026: Second-level cache disabled
2026-06-15T06:12:58.171+02:00  INFO 26848 --- [esiusuarios] [main] o.s.o.j.p.SpringPersistenceUnitInfo      : No LoadTimeWeaver setup: ignoring JPA class transformer
2026-06-15T06:12:58.203+02:00  INFO 26848 --- [esiusuarios] [main] com.zaxxer.hikari.HikariDataSource       : HikariPool-1 - Starting...
2026-06-15T06:12:58.640+02:00  INFO 26848 --- [esiusuarios] [main] com.zaxxer.hikari.pool.HikariPool        : HikariPool-1 - Added connection ConnectionID:1 ClientConnectionId: f7bdfc53-a377-4a57-a5b7-147043e2e64c
2026-06-15T06:12:58.642+02:00  INFO 26848 --- [esiusuarios] [main] com.zaxxer.hikari.HikariDataSource       : HikariPool-1 - Start completed.
2026-06-15T06:12:58.720+02:00  WARN 26848 --- [esiusuarios] [main] org.hibernate.orm.deprecation            : HHH90000025: SQLServerDialect does not need to be specified explicitly using 'hibernate.dialect' (remove the property setting and it will be selected by default)
2026-06-15T06:12:58.737+02:00  INFO 26848 --- [esiusuarios] [main] org.hibernate.orm.connections.pooling    : HHH10001005: Database info:
	Database JDBC URL [Connecting through datasource 'HikariDataSource (HikariPool-1)']
	Database driver: undefined/unknown
	Database version: 17.0
	Autocommit mode: undefined/unknown
	Isolation level: undefined/unknown
	Minimum pool size: undefined/unknown
	Maximum pool size: undefined/unknown
2026-06-15T06:12:59.368+02:00  INFO 26848 --- [esiusuarios] [main] o.h.e.t.j.p.i.JtaPlatformInitiator       : HHH000489: No JTA platform available (set 'hibernate.transaction.jta.platform' to enable JTA platform integration)
2026-06-15T06:12:59.774+02:00  INFO 26848 --- [esiusuarios] [main] j.LocalContainerEntityManagerFactoryBean : Initialized JPA EntityManagerFactory for persistence unit 'default'
2026-06-15T06:13:00.212+02:00  INFO 26848 --- [esiusuarios] [main] o.s.d.j.r.query.QueryEnhancerFactory     : Hibernate is in classpath; If applicable, HQL parser will be used.
2026-06-15T06:13:01.417+02:00  INFO 26848 --- [esiusuarios] [main] r$InitializeUserDetailsManagerConfigurer : Global AuthenticationManager configured with UserDetailsService bean with name inMemoryUserDetailsManager
2026-06-15T06:13:02.049+02:00  INFO 26848 --- [esiusuarios] [main] o.s.b.w.embedded.tomcat.TomcatWebServer  : Tomcat started on port 8081 (http) with context path '/'
2026-06-15T06:13:02.055+02:00  INFO 26848 --- [esiusuarios] [main] u.e.d.e.EsiusuariosApplication           : Started EsiusuariosApplication in 7.027 seconds (process running for 7.544)
2026-06-15T06:15:06.667+02:00  INFO 26848 --- [esiusuarios] [http-nio-8081-exec-1] o.a.c.c.C.[Tomcat].[localhost].[/]       : Initializing Spring DispatcherServlet 'dispatcherServlet'
2026-06-15T06:15:06.668+02:00  INFO 26848 --- [esiusuarios] [http-nio-8081-exec-1] o.s.web.servlet.DispatcherServlet        : Initializing Servlet 'dispatcherServlet'
2026-06-15T06:15:06.670+02:00  INFO 26848 --- [esiusuarios] [http-nio-8081-exec-1] o.s.web.servlet.DispatcherServlet        : Completed initialization in 2 ms
2026-06-15T13:44:44.326+02:00  INFO 27152 --- [esiusuarios] [main] u.e.d.e.EsiusuariosApplication           : Starting EsiusuariosApplication using Java 21 with PID 27152 (C:\Users\eduga\Universidad\diseño\GP08-Esiusuarios\esiusuarios\build\classes\java\main started by eduga in C:\Users\eduga\Universidad\diseño\GP08-Esiusuarios\esiusuarios)
2026-06-15T13:44:44.328+02:00  INFO 27152 --- [esiusuarios] [main] u.e.d.e.EsiusuariosApplication           : No active profile set, falling back to 1 default profile: "default"
2026-06-15T13:44:45.123+02:00  INFO 27152 --- [esiusuarios] [main] .s.d.r.c.RepositoryConfigurationDelegate : Bootstrapping Spring Data JPA repositories in DEFAULT mode.
2026-06-15T13:44:45.187+02:00  INFO 27152 --- [esiusuarios] [main] .s.d.r.c.RepositoryConfigurationDelegate : Finished Spring Data repository scanning in 54 ms. Found 3 JPA repository interfaces.
2026-06-15T13:44:45.917+02:00  INFO 27152 --- [esiusuarios] [main] o.s.b.w.embedded.tomcat.TomcatWebServer  : Tomcat initialized with port 8081 (http)
2026-06-15T13:44:45.936+02:00  INFO 27152 --- [esiusuarios] [main] o.apache.catalina.core.StandardService   : Starting service [Tomcat]
2026-06-15T13:44:45.936+02:00  INFO 27152 --- [esiusuarios] [main] o.apache.catalina.core.StandardEngine    : Starting Servlet engine: [Apache Tomcat/10.1.52]
2026-06-15T13:44:45.997+02:00  INFO 27152 --- [esiusuarios] [main] o.a.c.c.C.[Tomcat].[localhost].[/]       : Initializing Spring embedded WebApplicationContext
2026-06-15T13:44:45.998+02:00  INFO 27152 --- [esiusuarios] [main] w.s.c.ServletWebServerApplicationContext : Root WebApplicationContext: initialization completed in 1615 ms
2026-06-15T13:44:46.316+02:00  INFO 27152 --- [esiusuarios] [main] o.hibernate.jpa.internal.util.LogHelper  : HHH000204: Processing PersistenceUnitInfo [name: default]
2026-06-15T13:44:46.366+02:00  INFO 27152 --- [esiusuarios] [main] org.hibernate.Version                    : HHH000412: Hibernate ORM core version 6.6.42.Final
2026-06-15T13:44:46.394+02:00  INFO 27152 --- [esiusuarios] [main] o.h.c.internal.RegionFactoryInitiator    : HHH000026: Second-level cache disabled
2026-06-15T13:44:46.686+02:00  INFO 27152 --- [esiusuarios] [main] o.s.o.j.p.SpringPersistenceUnitInfo      : No LoadTimeWeaver setup: ignoring JPA class transformer
2026-06-15T13:44:46.723+02:00  INFO 27152 --- [esiusuarios] [main] com.zaxxer.hikari.HikariDataSource       : HikariPool-1 - Starting...
2026-06-15T13:44:47.127+02:00  INFO 27152 --- [esiusuarios] [main] com.zaxxer.hikari.pool.HikariPool        : HikariPool-1 - Added connection ConnectionID:1 ClientConnectionId: 6c1ea8b5-ef09-49db-ba52-6d8e87c19e07
2026-06-15T13:44:47.129+02:00  INFO 27152 --- [esiusuarios] [main] com.zaxxer.hikari.HikariDataSource       : HikariPool-1 - Start completed.
2026-06-15T13:44:47.249+02:00  WARN 27152 --- [esiusuarios] [main] org.hibernate.orm.deprecation            : HHH90000025: SQLServerDialect does not need to be specified explicitly using 'hibernate.dialect' (remove the property setting and it will be selected by default)
2026-06-15T13:44:47.276+02:00  INFO 27152 --- [esiusuarios] [main] org.hibernate.orm.connections.pooling    : HHH10001005: Database info:
	Database JDBC URL [Connecting through datasource 'HikariDataSource (HikariPool-1)']
	Database driver: undefined/unknown
	Database version: 17.0
	Autocommit mode: undefined/unknown
	Isolation level: undefined/unknown
	Minimum pool size: undefined/unknown
	Maximum pool size: undefined/unknown
2026-06-15T13:44:47.948+02:00  INFO 27152 --- [esiusuarios] [main] o.h.e.t.j.p.i.JtaPlatformInitiator       : HHH000489: No JTA platform available (set 'hibernate.transaction.jta.platform' to enable JTA platform integration)
2026-06-15T13:44:48.295+02:00  INFO 27152 --- [esiusuarios] [main] j.LocalContainerEntityManagerFactoryBean : Initialized JPA EntityManagerFactory for persistence unit 'default'
2026-06-15T13:44:48.657+02:00  INFO 27152 --- [esiusuarios] [main] o.s.d.j.r.query.QueryEnhancerFactory     : Hibernate is in classpath; If applicable, HQL parser will be used.
2026-06-15T13:44:49.600+02:00  INFO 27152 --- [esiusuarios] [main] r$InitializeUserDetailsManagerConfigurer : Global AuthenticationManager configured with UserDetailsService bean with name inMemoryUserDetailsManager
2026-06-15T13:44:49.989+02:00  INFO 27152 --- [esiusuarios] [main] o.s.b.w.embedded.tomcat.TomcatWebServer  : Tomcat started on port 8081 (http) with context path '/'
2026-06-15T13:44:49.997+02:00  INFO 27152 --- [esiusuarios] [main] u.e.d.e.EsiusuariosApplication           : Started EsiusuariosApplication in 6.1 seconds (process running for 6.486)
2026-06-15T13:45:37.405+02:00  INFO 27152 --- [esiusuarios] [http-nio-8081-exec-1] o.a.c.c.C.[Tomcat].[localhost].[/]       : Initializing Spring DispatcherServlet 'dispatcherServlet'
2026-06-15T13:45:37.406+02:00  INFO 27152 --- [esiusuarios] [http-nio-8081-exec-1] o.s.web.servlet.DispatcherServlet        : Initializing Servlet 'dispatcherServlet'
2026-06-15T13:45:37.409+02:00  INFO 27152 --- [esiusuarios] [http-nio-8081-exec-1] o.s.web.servlet.DispatcherServlet        : Completed initialization in 3 ms
2026-06-15T13:55:11.492+02:00  INFO 13628 --- [esiusuarios] [main] u.e.d.e.EsiusuariosApplication           : Starting EsiusuariosApplication using Java 21 with PID 13628 (C:\Users\eduga\Universidad\diseño\GP08-Esiusuarios\esiusuarios\build\classes\java\main started by eduga in C:\Users\eduga\Universidad\diseño\GP08-Esiusuarios\esiusuarios)
2026-06-15T13:55:11.494+02:00  INFO 13628 --- [esiusuarios] [main] u.e.d.e.EsiusuariosApplication           : No active profile set, falling back to 1 default profile: "default"
2026-06-15T13:55:12.361+02:00  INFO 13628 --- [esiusuarios] [main] .s.d.r.c.RepositoryConfigurationDelegate : Bootstrapping Spring Data JPA repositories in DEFAULT mode.
2026-06-15T13:55:12.422+02:00  INFO 13628 --- [esiusuarios] [main] .s.d.r.c.RepositoryConfigurationDelegate : Finished Spring Data repository scanning in 56 ms. Found 3 JPA repository interfaces.
2026-06-15T13:55:13.278+02:00  INFO 13628 --- [esiusuarios] [main] o.s.b.w.embedded.tomcat.TomcatWebServer  : Tomcat initialized with port 8081 (http)
2026-06-15T13:55:13.298+02:00  INFO 13628 --- [esiusuarios] [main] o.apache.catalina.core.StandardService   : Starting service [Tomcat]
2026-06-15T13:55:13.299+02:00  INFO 13628 --- [esiusuarios] [main] o.apache.catalina.core.StandardEngine    : Starting Servlet engine: [Apache Tomcat/10.1.52]
2026-06-15T13:55:13.355+02:00  INFO 13628 --- [esiusuarios] [main] o.a.c.c.C.[Tomcat].[localhost].[/]       : Initializing Spring embedded WebApplicationContext
2026-06-15T13:55:13.356+02:00  INFO 13628 --- [esiusuarios] [main] w.s.c.ServletWebServerApplicationContext : Root WebApplicationContext: initialization completed in 1818 ms
2026-06-15T13:55:14.042+02:00  INFO 13628 --- [esiusuarios] [main] o.hibernate.jpa.internal.util.LogHelper  : HHH000204: Processing PersistenceUnitInfo [name: default]
2026-06-15T13:55:14.121+02:00  INFO 13628 --- [esiusuarios] [main] org.hibernate.Version                    : HHH000412: Hibernate ORM core version 6.6.42.Final
2026-06-15T13:55:14.169+02:00  INFO 13628 --- [esiusuarios] [main] o.h.c.internal.RegionFactoryInitiator    : HHH000026: Second-level cache disabled
2026-06-15T13:55:14.819+02:00  INFO 13628 --- [esiusuarios] [main] o.s.o.j.p.SpringPersistenceUnitInfo      : No LoadTimeWeaver setup: ignoring JPA class transformer
2026-06-15T13:55:14.873+02:00  INFO 13628 --- [esiusuarios] [main] com.zaxxer.hikari.HikariDataSource       : HikariPool-1 - Starting...
2026-06-15T13:55:15.662+02:00  INFO 13628 --- [esiusuarios] [main] com.zaxxer.hikari.pool.HikariPool        : HikariPool-1 - Added connection ConnectionID:1 ClientConnectionId: cd4b996a-8992-444e-af01-f791f8cec63c
2026-06-15T13:55:15.666+02:00  INFO 13628 --- [esiusuarios] [main] com.zaxxer.hikari.HikariDataSource       : HikariPool-1 - Start completed.
2026-06-15T13:55:15.871+02:00  WARN 13628 --- [esiusuarios] [main] org.hibernate.orm.deprecation            : HHH90000025: SQLServerDialect does not need to be specified explicitly using 'hibernate.dialect' (remove the property setting and it will be selected by default)
2026-06-15T13:55:15.901+02:00  INFO 13628 --- [esiusuarios] [main] org.hibernate.orm.connections.pooling    : HHH10001005: Database info:
	Database JDBC URL [Connecting through datasource 'HikariDataSource (HikariPool-1)']
	Database driver: undefined/unknown
	Database version: 17.0
	Autocommit mode: undefined/unknown
	Isolation level: undefined/unknown
	Minimum pool size: undefined/unknown
	Maximum pool size: undefined/unknown
2026-06-15T13:55:17.076+02:00  INFO 13628 --- [esiusuarios] [main] o.h.e.t.j.p.i.JtaPlatformInitiator       : HHH000489: No JTA platform available (set 'hibernate.transaction.jta.platform' to enable JTA platform integration)
2026-06-15T13:55:18.014+02:00  INFO 13628 --- [esiusuarios] [main] j.LocalContainerEntityManagerFactoryBean : Initialized JPA EntityManagerFactory for persistence unit 'default'
2026-06-15T13:55:19.072+02:00  INFO 13628 --- [esiusuarios] [main] o.s.d.j.r.query.QueryEnhancerFactory     : Hibernate is in classpath; If applicable, HQL parser will be used.
2026-06-15T13:55:20.976+02:00  INFO 13628 --- [esiusuarios] [main] r$InitializeUserDetailsManagerConfigurer : Global AuthenticationManager configured with UserDetailsService bean with name inMemoryUserDetailsManager
2026-06-15T13:55:21.642+02:00  INFO 13628 --- [esiusuarios] [main] o.s.b.w.embedded.tomcat.TomcatWebServer  : Tomcat started on port 8081 (http) with context path '/'
2026-06-15T13:55:21.674+02:00  INFO 13628 --- [esiusuarios] [main] u.e.d.e.EsiusuariosApplication           : Started EsiusuariosApplication in 10.691 seconds (process running for 11.099)
2026-06-15T13:55:29.008+02:00  INFO 13628 --- [esiusuarios] [http-nio-8081-exec-2] o.a.c.c.C.[Tomcat].[localhost].[/]       : Initializing Spring DispatcherServlet 'dispatcherServlet'
2026-06-15T13:55:29.010+02:00  INFO 13628 --- [esiusuarios] [http-nio-8081-exec-2] o.s.web.servlet.DispatcherServlet        : Initializing Servlet 'dispatcherServlet'
2026-06-15T13:55:29.011+02:00  INFO 13628 --- [esiusuarios] [http-nio-8081-exec-2] o.s.web.servlet.DispatcherServlet        : Completed initialization in 1 ms
2026-06-15T14:00:26.693+02:00  INFO 23452 --- [esiusuarios] [main] u.e.d.e.EsiusuariosApplication           : Starting EsiusuariosApplication using Java 21 with PID 23452 (C:\Users\eduga\Universidad\diseño\GP08-Esiusuarios\esiusuarios\build\classes\java\main started by eduga in C:\Users\eduga\Universidad\diseño\GP08-Esiusuarios\esiusuarios)
2026-06-15T14:00:26.695+02:00  INFO 23452 --- [esiusuarios] [main] u.e.d.e.EsiusuariosApplication           : No active profile set, falling back to 1 default profile: "default"
2026-06-15T14:00:27.404+02:00  INFO 23452 --- [esiusuarios] [main] .s.d.r.c.RepositoryConfigurationDelegate : Bootstrapping Spring Data JPA repositories in DEFAULT mode.
2026-06-15T14:00:27.463+02:00  INFO 23452 --- [esiusuarios] [main] .s.d.r.c.RepositoryConfigurationDelegate : Finished Spring Data repository scanning in 47 ms. Found 3 JPA repository interfaces.
2026-06-15T14:00:28.167+02:00  INFO 23452 --- [esiusuarios] [main] o.s.b.w.embedded.tomcat.TomcatWebServer  : Tomcat initialized with port 8081 (http)
2026-06-15T14:00:28.182+02:00  INFO 23452 --- [esiusuarios] [main] o.apache.catalina.core.StandardService   : Starting service [Tomcat]
2026-06-15T14:00:28.183+02:00  INFO 23452 --- [esiusuarios] [main] o.apache.catalina.core.StandardEngine    : Starting Servlet engine: [Apache Tomcat/10.1.52]
2026-06-15T14:00:28.248+02:00  INFO 23452 --- [esiusuarios] [main] o.a.c.c.C.[Tomcat].[localhost].[/]       : Initializing Spring embedded WebApplicationContext
2026-06-15T14:00:28.248+02:00  INFO 23452 --- [esiusuarios] [main] w.s.c.ServletWebServerApplicationContext : Root WebApplicationContext: initialization completed in 1507 ms
2026-06-15T14:00:28.578+02:00  INFO 23452 --- [esiusuarios] [main] o.hibernate.jpa.internal.util.LogHelper  : HHH000204: Processing PersistenceUnitInfo [name: default]
2026-06-15T14:00:28.618+02:00  INFO 23452 --- [esiusuarios] [main] org.hibernate.Version                    : HHH000412: Hibernate ORM core version 6.6.42.Final
2026-06-15T14:00:28.642+02:00  INFO 23452 --- [esiusuarios] [main] o.h.c.internal.RegionFactoryInitiator    : HHH000026: Second-level cache disabled
2026-06-15T14:00:28.892+02:00  INFO 23452 --- [esiusuarios] [main] o.s.o.j.p.SpringPersistenceUnitInfo      : No LoadTimeWeaver setup: ignoring JPA class transformer
2026-06-15T14:00:28.927+02:00  INFO 23452 --- [esiusuarios] [main] com.zaxxer.hikari.HikariDataSource       : HikariPool-1 - Starting...
2026-06-15T14:00:29.314+02:00  INFO 23452 --- [esiusuarios] [main] com.zaxxer.hikari.pool.HikariPool        : HikariPool-1 - Added connection ConnectionID:1 ClientConnectionId: a5e32e8f-e699-4e9c-afe2-49765f14a55d
2026-06-15T14:00:29.315+02:00  INFO 23452 --- [esiusuarios] [main] com.zaxxer.hikari.HikariDataSource       : HikariPool-1 - Start completed.
2026-06-15T14:00:29.426+02:00  WARN 23452 --- [esiusuarios] [main] org.hibernate.orm.deprecation            : HHH90000025: SQLServerDialect does not need to be specified explicitly using 'hibernate.dialect' (remove the property setting and it will be selected by default)
2026-06-15T14:00:29.443+02:00  INFO 23452 --- [esiusuarios] [main] org.hibernate.orm.connections.pooling    : HHH10001005: Database info:
	Database JDBC URL [Connecting through datasource 'HikariDataSource (HikariPool-1)']
	Database driver: undefined/unknown
	Database version: 17.0
	Autocommit mode: undefined/unknown
	Isolation level: undefined/unknown
	Minimum pool size: undefined/unknown
	Maximum pool size: undefined/unknown
2026-06-15T14:00:30.056+02:00  INFO 23452 --- [esiusuarios] [main] o.h.e.t.j.p.i.JtaPlatformInitiator       : HHH000489: No JTA platform available (set 'hibernate.transaction.jta.platform' to enable JTA platform integration)
2026-06-15T14:00:30.371+02:00  INFO 23452 --- [esiusuarios] [main] j.LocalContainerEntityManagerFactoryBean : Initialized JPA EntityManagerFactory for persistence unit 'default'
2026-06-15T14:00:30.758+02:00  INFO 23452 --- [esiusuarios] [main] o.s.d.j.r.query.QueryEnhancerFactory     : Hibernate is in classpath; If applicable, HQL parser will be used.
2026-06-15T14:00:31.837+02:00  INFO 23452 --- [esiusuarios] [main] r$InitializeUserDetailsManagerConfigurer : Global AuthenticationManager configured with UserDetailsService bean with name inMemoryUserDetailsManager
2026-06-15T14:00:32.416+02:00  INFO 23452 --- [esiusuarios] [main] o.s.b.w.embedded.tomcat.TomcatWebServer  : Tomcat started on port 8081 (http) with context path '/'
2026-06-15T14:00:32.423+02:00  INFO 23452 --- [esiusuarios] [main] u.e.d.e.EsiusuariosApplication           : Started EsiusuariosApplication in 6.141 seconds (process running for 6.43)
2026-06-15T14:00:50.515+02:00  INFO 23452 --- [esiusuarios] [http-nio-8081-exec-1] o.a.c.c.C.[Tomcat].[localhost].[/]       : Initializing Spring DispatcherServlet 'dispatcherServlet'
2026-06-15T14:00:50.515+02:00  INFO 23452 --- [esiusuarios] [http-nio-8081-exec-1] o.s.web.servlet.DispatcherServlet        : Initializing Servlet 'dispatcherServlet'
2026-06-15T14:00:50.515+02:00  INFO 23452 --- [esiusuarios] [http-nio-8081-exec-1] o.s.web.servlet.DispatcherServlet        : Completed initialization in 0 ms
2026-06-15T15:36:05.357+02:00  INFO 24164 --- [esiusuarios] [main] u.e.d.e.EsiusuariosApplication           : Starting EsiusuariosApplication using Java 21 with PID 24164 (C:\Users\eduga\Universidad\diseño\GP08-Esiusuarios\esiusuarios\build\classes\java\main started by eduga in C:\Users\eduga\Universidad\diseño\GP08-Esiusuarios\esiusuarios)
2026-06-15T15:36:05.359+02:00  INFO 24164 --- [esiusuarios] [main] u.e.d.e.EsiusuariosApplication           : No active profile set, falling back to 1 default profile: "default"
2026-06-15T15:36:06.096+02:00  INFO 24164 --- [esiusuarios] [main] .s.d.r.c.RepositoryConfigurationDelegate : Bootstrapping Spring Data JPA repositories in DEFAULT mode.
2026-06-15T15:36:06.137+02:00  INFO 24164 --- [esiusuarios] [main] .s.d.r.c.RepositoryConfigurationDelegate : Finished Spring Data repository scanning in 42 ms. Found 3 JPA repository interfaces.
2026-06-15T15:36:06.921+02:00  INFO 24164 --- [esiusuarios] [main] o.s.b.w.embedded.tomcat.TomcatWebServer  : Tomcat initialized with port 8081 (http)
2026-06-15T15:36:06.939+02:00  INFO 24164 --- [esiusuarios] [main] o.apache.catalina.core.StandardService   : Starting service [Tomcat]
2026-06-15T15:36:06.939+02:00  INFO 24164 --- [esiusuarios] [main] o.apache.catalina.core.StandardEngine    : Starting Servlet engine: [Apache Tomcat/10.1.52]
2026-06-15T15:36:07.004+02:00  INFO 24164 --- [esiusuarios] [main] o.a.c.c.C.[Tomcat].[localhost].[/]       : Initializing Spring embedded WebApplicationContext
2026-06-15T15:36:07.004+02:00  INFO 24164 --- [esiusuarios] [main] w.s.c.ServletWebServerApplicationContext : Root WebApplicationContext: initialization completed in 1608 ms
2026-06-15T15:36:07.268+02:00  INFO 24164 --- [esiusuarios] [main] o.hibernate.jpa.internal.util.LogHelper  : HHH000204: Processing PersistenceUnitInfo [name: default]
2026-06-15T15:36:07.305+02:00  INFO 24164 --- [esiusuarios] [main] org.hibernate.Version                    : HHH000412: Hibernate ORM core version 6.6.42.Final
2026-06-15T15:36:07.325+02:00  INFO 24164 --- [esiusuarios] [main] o.h.c.internal.RegionFactoryInitiator    : HHH000026: Second-level cache disabled
2026-06-15T15:36:07.553+02:00  INFO 24164 --- [esiusuarios] [main] o.s.o.j.p.SpringPersistenceUnitInfo      : No LoadTimeWeaver setup: ignoring JPA class transformer
2026-06-15T15:36:07.585+02:00  INFO 24164 --- [esiusuarios] [main] com.zaxxer.hikari.HikariDataSource       : HikariPool-1 - Starting...
2026-06-15T15:36:07.966+02:00  INFO 24164 --- [esiusuarios] [main] com.zaxxer.hikari.pool.HikariPool        : HikariPool-1 - Added connection ConnectionID:1 ClientConnectionId: e4d7d754-ca61-4ef7-aee5-5fdbed131928
2026-06-15T15:36:07.968+02:00  INFO 24164 --- [esiusuarios] [main] com.zaxxer.hikari.HikariDataSource       : HikariPool-1 - Start completed.
2026-06-15T15:36:08.072+02:00  WARN 24164 --- [esiusuarios] [main] org.hibernate.orm.deprecation            : HHH90000025: SQLServerDialect does not need to be specified explicitly using 'hibernate.dialect' (remove the property setting and it will be selected by default)
2026-06-15T15:36:08.107+02:00  INFO 24164 --- [esiusuarios] [main] org.hibernate.orm.connections.pooling    : HHH10001005: Database info:
	Database JDBC URL [Connecting through datasource 'HikariDataSource (HikariPool-1)']
	Database driver: undefined/unknown
	Database version: 17.0
	Autocommit mode: undefined/unknown
	Isolation level: undefined/unknown
	Minimum pool size: undefined/unknown
	Maximum pool size: undefined/unknown
2026-06-15T15:36:08.660+02:00  INFO 24164 --- [esiusuarios] [main] o.h.e.t.j.p.i.JtaPlatformInitiator       : HHH000489: No JTA platform available (set 'hibernate.transaction.jta.platform' to enable JTA platform integration)
2026-06-15T15:36:09.195+02:00  INFO 24164 --- [esiusuarios] [main] j.LocalContainerEntityManagerFactoryBean : Initialized JPA EntityManagerFactory for persistence unit 'default'
2026-06-15T15:36:09.664+02:00  INFO 24164 --- [esiusuarios] [main] o.s.d.j.r.query.QueryEnhancerFactory     : Hibernate is in classpath; If applicable, HQL parser will be used.
2026-06-15T15:36:11.295+02:00  INFO 24164 --- [esiusuarios] [main] r$InitializeUserDetailsManagerConfigurer : Global AuthenticationManager configured with UserDetailsService bean with name inMemoryUserDetailsManager
2026-06-15T15:36:12.184+02:00  INFO 24164 --- [esiusuarios] [main] o.s.b.w.embedded.tomcat.TomcatWebServer  : Tomcat started on port 8081 (http) with context path '/'
2026-06-15T15:36:12.198+02:00  INFO 24164 --- [esiusuarios] [main] u.e.d.e.EsiusuariosApplication           : Started EsiusuariosApplication in 7.238 seconds (process running for 7.652)
2026-06-15T15:38:28.042+02:00  INFO 24164 --- [esiusuarios] [http-nio-8081-exec-1] o.a.c.c.C.[Tomcat].[localhost].[/]       : Initializing Spring DispatcherServlet 'dispatcherServlet'
2026-06-15T15:38:28.044+02:00  INFO 24164 --- [esiusuarios] [http-nio-8081-exec-1] o.s.web.servlet.DispatcherServlet        : Initializing Servlet 'dispatcherServlet'
2026-06-15T15:38:28.046+02:00  INFO 24164 --- [esiusuarios] [http-nio-8081-exec-1] o.s.web.servlet.DispatcherServlet        : Completed initialization in 1 ms
